<?xml version="1.0" encoding="UTF-8"?><testsuite errors="0" failures="0" name="com.studentapp.junit.studentsinfo.StudentsCRUDTest" skipped="0" tests="4" time="32.13" timestamp="2018-02-47 05:55:40"><testcase classname="com.studentapp.junit.studentsinfo.StudentsCRUDTest" name="This test will create a new student using POST operation"/><testcase classname="com.studentapp.junit.studentsinfo.StudentsCRUDTest" name="Verify if the student was added to the application"/><testcase classname="com.studentapp.junit.studentsinfo.StudentsCRUDTest" name="Update the User Information and verify the updated information"/><testcase classname="com.studentapp.junit.studentsinfo.StudentsCRUDTest" name="Delete the student and verify if the student is deleted!"/></testsuite>