<?xml version="1.0" encoding="UTF-8"?>
<testsuite name="com.studentapp.junit.studentsinfo.CreateStudentsDataDrivenTest" time="64.712" tests="100" errors="0" skipped="0" failures="0">
  <properties>
[...]
</properties>
  <testcase name="createMultipleStudents[0]" classname="com.studentapp.junit.studentsinfo.CreateStudentsDataDrivenTest" time="36.202"/>
  <testcase name="createMultipleStudents[1]" classname="com.studentapp.junit.studentsinfo.CreateStudentsDataDrivenTest" time="0.453"/>
  <testcase name="createMultipleStudents[2]" classname="com.studentapp.junit.studentsinfo.CreateStudentsDataDrivenTest" time="0.437"/>
  <testcase name="createMultipleStudents[3]" classname="com.studentapp.junit.studentsinfo.CreateStudentsDataDrivenTest" time="0.312"/>
  <testcase name="createMultipleStudents[4]" classname="com.studentapp.junit.studentsinfo.CreateStudentsDataDrivenTest" time="0.312"/>
  <testcase name="createMultipleStudents[5]" classname="com.studentapp.junit.studentsinfo.CreateStudentsDataDrivenTest" time="0.281"/>
  <testcase name="createMultipleStudents[6]" classname="com.studentapp.junit.studentsinfo.CreateStudentsDataDrivenTest" time="0.265"/>
  <testcase name="createMultipleStudents[7]" classname="com.studentapp.junit.studentsinfo.CreateStudentsDataDrivenTest" time="0.375"/>
  <testcase name="createMultipleStudents[8]" classname="com.studentapp.junit.studentsinfo.CreateStudentsDataDrivenTest" time="0.265"/>
  <testcase name="createMultipleStudents[9]" classname="com.studentapp.junit.studentsinfo.CreateStudentsDataDrivenTest" time="0.266"/>
  <testcase name="createMultipleStudents[10]" classname="com.studentapp.junit.studentsinfo.CreateStudentsDataDrivenTest" time="0.312"/>
  <testcase name="createMultipleStudents[11]" classname="com.studentapp.junit.studentsinfo.CreateStudentsDataDrivenTest" time="0.281"/>
  <testcase name="createMultipleStudents[12]" classname="com.studentapp.junit.studentsinfo.CreateStudentsDataDrivenTest" time="0.281"/>
  <testcase name="createMultipleStudents[13]" classname="com.studentapp.junit.studentsinfo.CreateStudentsDataDrivenTest" time="0.281"/>
  <testcase name="createMultipleStudents[14]" classname="com.studentapp.junit.studentsinfo.CreateStudentsDataDrivenTest" time="0.255"/>
  <testcase name="createMultipleStudents[15]" classname="com.studentapp.junit.studentsinfo.CreateStudentsDataDrivenTest" time="0.327"/>
  <testcase name="createMultipleStudents[16]" classname="com.studentapp.junit.studentsinfo.CreateStudentsDataDrivenTest" time="0.312"/>
  <testcase name="createMultipleStudents[17]" classname="com.studentapp.junit.studentsinfo.CreateStudentsDataDrivenTest" time="0.281"/>
  <testcase name="createMultipleStudents[18]" classname="com.studentapp.junit.studentsinfo.CreateStudentsDataDrivenTest" time="0.296"/>
  <testcase name="createMultipleStudents[19]" classname="com.studentapp.junit.studentsinfo.CreateStudentsDataDrivenTest" time="0.234"/>
  <testcase name="createMultipleStudents[20]" classname="com.studentapp.junit.studentsinfo.CreateStudentsDataDrivenTest" time="0.265"/>
  <testcase name="createMultipleStudents[21]" classname="com.studentapp.junit.studentsinfo.CreateStudentsDataDrivenTest" time="0.296"/>
  <testcase name="createMultipleStudents[22]" classname="com.studentapp.junit.studentsinfo.CreateStudentsDataDrivenTest" time="0.249"/>
  <testcase name="createMultipleStudents[23]" classname="com.studentapp.junit.studentsinfo.CreateStudentsDataDrivenTest" time="0.265"/>
  <testcase name="createMultipleStudents[24]" classname="com.studentapp.junit.studentsinfo.CreateStudentsDataDrivenTest" time="0.312"/>
  <testcase name="createMultipleStudents[25]" classname="com.studentapp.junit.studentsinfo.CreateStudentsDataDrivenTest" time="0.328"/>
  <testcase name="createMultipleStudents[26]" classname="com.studentapp.junit.studentsinfo.CreateStudentsDataDrivenTest" time="0.25"/>
  <testcase name="createMultipleStudents[27]" classname="com.studentapp.junit.studentsinfo.CreateStudentsDataDrivenTest" time="0.296"/>
  <testcase name="createMultipleStudents[28]" classname="com.studentapp.junit.studentsinfo.CreateStudentsDataDrivenTest" time="0.249"/>
  <testcase name="createMultipleStudents[29]" classname="com.studentapp.junit.studentsinfo.CreateStudentsDataDrivenTest" time="0.296"/>
  <testcase name="createMultipleStudents[30]" classname="com.studentapp.junit.studentsinfo.CreateStudentsDataDrivenTest" time="0.593"/>
  <testcase name="createMultipleStudents[31]" classname="com.studentapp.junit.studentsinfo.CreateStudentsDataDrivenTest" time="0.249"/>
  <testcase name="createMultipleStudents[32]" classname="com.studentapp.junit.studentsinfo.CreateStudentsDataDrivenTest" time="0.249"/>
  <testcase name="createMultipleStudents[33]" classname="com.studentapp.junit.studentsinfo.CreateStudentsDataDrivenTest" time="0.25"/>
  <testcase name="createMultipleStudents[34]" classname="com.studentapp.junit.studentsinfo.CreateStudentsDataDrivenTest" time="0.265"/>
  <testcase name="createMultipleStudents[35]" classname="com.studentapp.junit.studentsinfo.CreateStudentsDataDrivenTest" time="0.328"/>
  <testcase name="createMultipleStudents[36]" classname="com.studentapp.junit.studentsinfo.CreateStudentsDataDrivenTest" time="0.281"/>
  <testcase name="createMultipleStudents[37]" classname="com.studentapp.junit.studentsinfo.CreateStudentsDataDrivenTest" time="0.299"/>
  <testcase name="createMultipleStudents[38]" classname="com.studentapp.junit.studentsinfo.CreateStudentsDataDrivenTest" time="0.343"/>
  <testcase name="createMultipleStudents[39]" classname="com.studentapp.junit.studentsinfo.CreateStudentsDataDrivenTest" time="0.297"/>
  <testcase name="createMultipleStudents[40]" classname="com.studentapp.junit.studentsinfo.CreateStudentsDataDrivenTest" time="0.253"/>
  <testcase name="createMultipleStudents[41]" classname="com.studentapp.junit.studentsinfo.CreateStudentsDataDrivenTest" time="0.28"/>
  <testcase name="createMultipleStudents[42]" classname="com.studentapp.junit.studentsinfo.CreateStudentsDataDrivenTest" time="0.405"/>
  <testcase name="createMultipleStudents[43]" classname="com.studentapp.junit.studentsinfo.CreateStudentsDataDrivenTest" time="0.234"/>
  <testcase name="createMultipleStudents[44]" classname="com.studentapp.junit.studentsinfo.CreateStudentsDataDrivenTest" time="0.266"/>
  <testcase name="createMultipleStudents[45]" classname="com.studentapp.junit.studentsinfo.CreateStudentsDataDrivenTest" time="0.312"/>
  <testcase name="createMultipleStudents[46]" classname="com.studentapp.junit.studentsinfo.CreateStudentsDataDrivenTest" time="0.268"/>
  <testcase name="createMultipleStudents[47]" classname="com.studentapp.junit.studentsinfo.CreateStudentsDataDrivenTest" time="0.296"/>
  <testcase name="createMultipleStudents[48]" classname="com.studentapp.junit.studentsinfo.CreateStudentsDataDrivenTest" time="0.265"/>
  <testcase name="createMultipleStudents[49]" classname="com.studentapp.junit.studentsinfo.CreateStudentsDataDrivenTest" time="0.265"/>
  <testcase name="createMultipleStudents[50]" classname="com.studentapp.junit.studentsinfo.CreateStudentsDataDrivenTest" time="0.265"/>
  <testcase name="createMultipleStudents[51]" classname="com.studentapp.junit.studentsinfo.CreateStudentsDataDrivenTest" time="0.281"/>
  <testcase name="createMultipleStudents[52]" classname="com.studentapp.junit.studentsinfo.CreateStudentsDataDrivenTest" time="0.297"/>
  <testcase name="createMultipleStudents[53]" classname="com.studentapp.junit.studentsinfo.CreateStudentsDataDrivenTest" time="0.328"/>
  <testcase name="createMultipleStudents[54]" classname="com.studentapp.junit.studentsinfo.CreateStudentsDataDrivenTest" time="0.28"/>
  <testcase name="createMultipleStudents[55]" classname="com.studentapp.junit.studentsinfo.CreateStudentsDataDrivenTest" time="0.265"/>
  <testcase name="createMultipleStudents[56]" classname="com.studentapp.junit.studentsinfo.CreateStudentsDataDrivenTest" time="0.269"/>
  <testcase name="createMultipleStudents[57]" classname="com.studentapp.junit.studentsinfo.CreateStudentsDataDrivenTest" time="0.297"/>
  <testcase name="createMultipleStudents[58]" classname="com.studentapp.junit.studentsinfo.CreateStudentsDataDrivenTest" time="0.25"/>
  <testcase name="createMultipleStudents[59]" classname="com.studentapp.junit.studentsinfo.CreateStudentsDataDrivenTest" time="0.281"/>
  <testcase name="createMultipleStudents[60]" classname="com.studentapp.junit.studentsinfo.CreateStudentsDataDrivenTest" time="0.285"/>
  <testcase name="createMultipleStudents[61]" classname="com.studentapp.junit.studentsinfo.CreateStudentsDataDrivenTest" time="0.234"/>
  <testcase name="createMultipleStudents[62]" classname="com.studentapp.junit.studentsinfo.CreateStudentsDataDrivenTest" time="0.281"/>
  <testcase name="createMultipleStudents[63]" classname="com.studentapp.junit.studentsinfo.CreateStudentsDataDrivenTest" time="0.25"/>
  <testcase name="createMultipleStudents[64]" classname="com.studentapp.junit.studentsinfo.CreateStudentsDataDrivenTest" time="0.328"/>
  <testcase name="createMultipleStudents[65]" classname="com.studentapp.junit.studentsinfo.CreateStudentsDataDrivenTest" time="0.344"/>
  <testcase name="createMultipleStudents[66]" classname="com.studentapp.junit.studentsinfo.CreateStudentsDataDrivenTest" time="0.258"/>
  <testcase name="createMultipleStudents[67]" classname="com.studentapp.junit.studentsinfo.CreateStudentsDataDrivenTest" time="0.25"/>
  <testcase name="createMultipleStudents[68]" classname="com.studentapp.junit.studentsinfo.CreateStudentsDataDrivenTest" time="0.297"/>
  <testcase name="createMultipleStudents[69]" classname="com.studentapp.junit.studentsinfo.CreateStudentsDataDrivenTest" time="0.249"/>
  <testcase name="createMultipleStudents[70]" classname="com.studentapp.junit.studentsinfo.CreateStudentsDataDrivenTest" time="0.249"/>
  <testcase name="createMultipleStudents[71]" classname="com.studentapp.junit.studentsinfo.CreateStudentsDataDrivenTest" time="0.296"/>
  <testcase name="createMultipleStudents[72]" classname="com.studentapp.junit.studentsinfo.CreateStudentsDataDrivenTest" time="0.266"/>
  <testcase name="createMultipleStudents[73]" classname="com.studentapp.junit.studentsinfo.CreateStudentsDataDrivenTest" time="0.249"/>
  <testcase name="createMultipleStudents[74]" classname="com.studentapp.junit.studentsinfo.CreateStudentsDataDrivenTest" time="0.265"/>
  <testcase name="createMultipleStudents[75]" classname="com.studentapp.junit.studentsinfo.CreateStudentsDataDrivenTest" time="0.265"/>
  <testcase name="createMultipleStudents[76]" classname="com.studentapp.junit.studentsinfo.CreateStudentsDataDrivenTest" time="0.281"/>
  <testcase name="createMultipleStudents[77]" classname="com.studentapp.junit.studentsinfo.CreateStudentsDataDrivenTest" time="0.265"/>
  <testcase name="createMultipleStudents[78]" classname="com.studentapp.junit.studentsinfo.CreateStudentsDataDrivenTest" time="0.281"/>
  <testcase name="createMultipleStudents[79]" classname="com.studentapp.junit.studentsinfo.CreateStudentsDataDrivenTest" time="0.312"/>
  <testcase name="createMultipleStudents[80]" classname="com.studentapp.junit.studentsinfo.CreateStudentsDataDrivenTest" time="0.234"/>
  <testcase name="createMultipleStudents[81]" classname="com.studentapp.junit.studentsinfo.CreateStudentsDataDrivenTest" time="0.296"/>
  <testcase name="createMultipleStudents[82]" classname="com.studentapp.junit.studentsinfo.CreateStudentsDataDrivenTest" time="0.265"/>
  <testcase name="createMultipleStudents[83]" classname="com.studentapp.junit.studentsinfo.CreateStudentsDataDrivenTest" time="0.268"/>
  <testcase name="createMultipleStudents[84]" classname="com.studentapp.junit.studentsinfo.CreateStudentsDataDrivenTest" time="0.249"/>
  <testcase name="createMultipleStudents[85]" classname="com.studentapp.junit.studentsinfo.CreateStudentsDataDrivenTest" time="0.312"/>
  <testcase name="createMultipleStudents[86]" classname="com.studentapp.junit.studentsinfo.CreateStudentsDataDrivenTest" time="0.249"/>
  <testcase name="createMultipleStudents[87]" classname="com.studentapp.junit.studentsinfo.CreateStudentsDataDrivenTest" time="0.249"/>
  <testcase name="createMultipleStudents[88]" classname="com.studentapp.junit.studentsinfo.CreateStudentsDataDrivenTest" time="0.265"/>
  <testcase name="createMultipleStudents[89]" classname="com.studentapp.junit.studentsinfo.CreateStudentsDataDrivenTest" time="0.281"/>
  <testcase name="createMultipleStudents[90]" classname="com.studentapp.junit.studentsinfo.CreateStudentsDataDrivenTest" time="0.242"/>
  <testcase name="createMultipleStudents[91]" classname="com.studentapp.junit.studentsinfo.CreateStudentsDataDrivenTest" time="0.297"/>
  <testcase name="createMultipleStudents[92]" classname="com.studentapp.junit.studentsinfo.CreateStudentsDataDrivenTest" time="0.281"/>
  <testcase name="createMultipleStudents[93]" classname="com.studentapp.junit.studentsinfo.CreateStudentsDataDrivenTest" time="0.249"/>
  <testcase name="createMultipleStudents[94]" classname="com.studentapp.junit.studentsinfo.CreateStudentsDataDrivenTest" time="0.281"/>
  <testcase name="createMultipleStudents[95]" classname="com.studentapp.junit.studentsinfo.CreateStudentsDataDrivenTest" time="0.265"/>
  <testcase name="createMultipleStudents[96]" classname="com.studentapp.junit.studentsinfo.CreateStudentsDataDrivenTest" time="0.28"/>
  <testcase name="createMultipleStudents[97]" classname="com.studentapp.junit.studentsinfo.CreateStudentsDataDrivenTest" time="0.421"/>
  <testcase name="createMultipleStudents[98]" classname="com.studentapp.junit.studentsinfo.CreateStudentsDataDrivenTest" time="0.266"/>
  <testcase name="createMultipleStudents[99]" classname="com.studentapp.junit.studentsinfo.CreateStudentsDataDrivenTest" time="0.312"/>
</testsuite>